2013.09.27 19:04 B D:\areatrab\erp\produtos\crud.js --> ftp.kservidor.com.br /www/erp/produtos crud.js
2013.09.27 19:04 B D:\areatrab\erp\produtos\tabeladados.php --> ftp.kservidor.com.br /www/erp/produtos tabeladados.php
2013.09.27 19:09 B D:\areatrab\erp\produtos\tabeladados.php --> ftp.kservidor.com.br /www/erp/produtos tabeladados.php
2013.10.14 18:21 B D:\areatrab\erp\produtos\mouse2.png --> ftp.kservidor.com.br /www/erp/produtos mouse2.png
2013.10.14 18:21 B D:\areatrab\erp\produtos\tabeladados.php --> ftp.kservidor.com.br /www/erp/produtos tabeladados.php
2013.10.22 15:00 B D:\areatrab\erp\produtos\addItem.php <-- kitzner /www/erp/produtos addItem.php
2013.10.22 15:00 B D:\areatrab\erp\produtos\ajax_cadastrar.php <-- kitzner /www/erp/produtos ajax_cadastrar.php
2013.10.22 15:00 B D:\areatrab\erp\produtos\ajax_editar.php <-- kitzner /www/erp/produtos ajax_editar.php
2013.10.22 15:00 B D:\areatrab\erp\produtos\ajax_editar_varios.php <-- kitzner /www/erp/produtos ajax_editar_varios.php
2013.10.22 15:00 B D:\areatrab\erp\produtos\ajax_exclui.php <-- kitzner /www/erp/produtos ajax_exclui.php
2013.10.22 15:00 B D:\areatrab\erp\produtos\cadastro.php <-- kitzner /www/erp/produtos cadastro.php
2013.10.22 15:00 B D:\areatrab\erp\produtos\cancel.png <-- kitzner /www/erp/produtos cancel.png
2013.10.22 15:00 B D:\areatrab\erp\produtos\crud.js <-- kitzner /www/erp/produtos crud.js
2013.10.22 15:00 B D:\areatrab\erp\produtos\crud_ok.js <-- kitzner /www/erp/produtos crud_ok.js
2013.10.22 15:00 B D:\areatrab\erp\produtos\crud_teste.js <-- kitzner /www/erp/produtos crud_teste.js
2013.10.22 15:00 B D:\areatrab\erp\produtos\edita.php <-- kitzner /www/erp/produtos edita.php
2013.10.22 15:00 B D:\areatrab\erp\produtos\edita_varios.php <-- kitzner /www/erp/produtos edita_varios.php
2013.10.22 15:00 B D:\areatrab\erp\produtos\error_log <-- kitzner /www/erp/produtos error_log
2013.10.22 15:00 B D:\areatrab\erp\produtos\fileupload.css <-- kitzner /www/erp/produtos fileupload.css
2013.10.22 15:00 B D:\areatrab\erp\produtos\foto.php <-- kitzner /www/erp/produtos foto.php
2013.10.22 15:00 B D:\areatrab\erp\produtos\index.php <-- kitzner /www/erp/produtos index.php
2013.10.22 15:00 B D:\areatrab\erp\produtos\index_ok.php <-- kitzner /www/erp/produtos index_ok.php
2013.10.22 15:00 B D:\areatrab\erp\produtos\jquery.fileupload.js <-- kitzner /www/erp/produtos jquery.fileupload.js
2013.10.22 15:00 B D:\areatrab\erp\produtos\jquery.uploadify.min.js <-- kitzner /www/erp/produtos jquery.uploadify.min.js
2013.10.22 15:00 B D:\areatrab\erp\produtos\mouse.jpg <-- kitzner /www/erp/produtos mouse.jpg
2013.10.22 15:00 B D:\areatrab\erp\produtos\mouse2.png <-- kitzner /www/erp/produtos mouse2.png
2013.10.22 15:00 B D:\areatrab\erp\produtos\tabeladados.php <-- kitzner /www/erp/produtos tabeladados.php
2013.10.22 15:00 B D:\areatrab\erp\produtos\teste_conexao.php <-- kitzner /www/erp/produtos teste_conexao.php
2013.10.22 15:00 B D:\areatrab\erp\produtos\upload.php <-- kitzner /www/erp/produtos upload.php
2013.10.22 15:00 B D:\areatrab\erp\produtos\uploader.swf <-- kitzner /www/erp/produtos uploader.swf
2013.10.22 15:00 B D:\areatrab\erp\produtos\uploadify-cancel.png <-- kitzner /www/erp/produtos uploadify-cancel.png
2013.10.22 15:00 B D:\areatrab\erp\produtos\uploadify.css <-- kitzner /www/erp/produtos uploadify.css
2013.10.22 15:00 B D:\areatrab\erp\produtos\uploadify.swf <-- kitzner /www/erp/produtos uploadify.swf
