2014/09/25 11:34:55 [error] [exception.CHttpException.403] exception 'CHttpException' with message 'You are not authorized to perform this action.' in H:\www\yii\framework\web\auth\CAccessControlFilter.php:182
Stack trace:
#0 H:\www\yii\framework\web\auth\CAccessControlFilter.php(145): CAccessControlFilter->accessDenied(Object(CWebUser), 'You are not aut...')
#1 H:\www\yii\framework\web\filters\CFilter.php(38): CAccessControlFilter->preFilter(Object(CFilterChain))
#2 H:\www\yii\framework\web\CController.php(1145): CFilter->filter(Object(CFilterChain))
#3 H:\www\yii\framework\web\filters\CInlineFilter.php(58): CController->filterAccessControl(Object(CFilterChain))
#4 H:\www\yii\framework\web\filters\CFilterChain.php(130): CInlineFilter->filter(Object(CFilterChain))
#5 H:\www\yii\framework\web\CController.php(291): CFilterChain->run()
#6 H:\www\yii\framework\web\CController.php(265): CController->runActionWithFilters(Object(CInlineAction), Array)
#7 H:\www\yii\framework\web\CWebApplication.php(282): CController->run('teste')
#8 H:\www\yii\framework\web\CWebApplication.php(141): CWebApplication->runController('vendedor/teste')
#9 H:\www\yii\framework\base\CApplication.php(180): CWebApplication->processRequest()
#10 H:\www\yii\sys3a\index.php(13): CApplication->run()
#11 {main}
REQUEST_URI=/yii/sys3a/index.php?r=vendedor/teste
---
2014/09/25 11:35:31 [error] [exception.CHttpException.403] exception 'CHttpException' with message 'You are not authorized to perform this action.' in H:\www\yii\framework\web\auth\CAccessControlFilter.php:182
Stack trace:
#0 H:\www\yii\framework\web\auth\CAccessControlFilter.php(145): CAccessControlFilter->accessDenied(Object(CWebUser), 'You are not aut...')
#1 H:\www\yii\framework\web\filters\CFilter.php(38): CAccessControlFilter->preFilter(Object(CFilterChain))
#2 H:\www\yii\framework\web\CController.php(1145): CFilter->filter(Object(CFilterChain))
#3 H:\www\yii\framework\web\filters\CInlineFilter.php(58): CController->filterAccessControl(Object(CFilterChain))
#4 H:\www\yii\framework\web\filters\CFilterChain.php(130): CInlineFilter->filter(Object(CFilterChain))
#5 H:\www\yii\framework\web\CController.php(291): CFilterChain->run()
#6 H:\www\yii\framework\web\CController.php(265): CController->runActionWithFilters(Object(CInlineAction), Array)
#7 H:\www\yii\framework\web\CWebApplication.php(282): CController->run('teste')
#8 H:\www\yii\framework\web\CWebApplication.php(141): CWebApplication->runController('vendedor/teste')
#9 H:\www\yii\framework\base\CApplication.php(180): CWebApplication->processRequest()
#10 H:\www\yii\sys3a\index.php(13): CApplication->run()
#11 {main}
REQUEST_URI=/yii/sys3a/index.php?r=vendedor/teste
---
2014/09/25 11:48:48 [error] [exception.CHttpException.404] exception 'CHttpException' with message 'Unable to resolve the request "teste".' in H:\www\yii\framework\web\CWebApplication.php:286
Stack trace:
#0 H:\www\yii\framework\web\CWebApplication.php(141): CWebApplication->runController('teste')
#1 H:\www\yii\framework\base\CApplication.php(180): CWebApplication->processRequest()
#2 H:\www\yii\sys3a\index.php(13): CApplication->run()
#3 {main}
REQUEST_URI=/yii/sys3a/index.php?r=teste
HTTP_REFERER=http://localhost/yii/sys3a/index.php?r=vendedor/create
---
2014/10/08 13:33:26 [error] [exception.CHttpException.403] exception 'CHttpException' with message 'You are not authorized to perform this action.' in H:\www\yii\framework\web\auth\CAccessControlFilter.php:182
Stack trace:
#0 H:\www\yii\framework\web\auth\CAccessControlFilter.php(145): CAccessControlFilter->accessDenied(Object(CWebUser), 'You are not aut...')
#1 H:\www\yii\framework\web\filters\CFilter.php(38): CAccessControlFilter->preFilter(Object(CFilterChain))
#2 H:\www\yii\framework\web\CController.php(1145): CFilter->filter(Object(CFilterChain))
#3 H:\www\yii\framework\web\filters\CInlineFilter.php(58): CController->filterAccessControl(Object(CFilterChain))
#4 H:\www\yii\framework\web\filters\CFilterChain.php(130): CInlineFilter->filter(Object(CFilterChain))
#5 H:\www\yii\framework\web\CController.php(291): CFilterChain->run()
#6 H:\www\yii\framework\web\CController.php(265): CController->runActionWithFilters(Object(CInlineAction), Array)
#7 H:\www\yii\framework\web\CWebApplication.php(282): CController->run('valorproduto')
#8 H:\www\yii\framework\web\CWebApplication.php(141): CWebApplication->runController('venda/valorprod...')
#9 H:\www\yii\framework\base\CApplication.php(180): CWebApplication->processRequest()
#10 H:\www\yii\sys3a\index.php(13): CApplication->run()
#11 {main}
REQUEST_URI=/yii/sys3a/index.php?r=venda/valorproduto&cb=123456
---
2014/10/09 11:12:48 [error] [exception.CHttpException.403] exception 'CHttpException' with message 'You are not authorized to perform this action.' in H:\www\yii\framework\web\auth\CAccessControlFilter.php:182
Stack trace:
#0 H:\www\yii\framework\web\auth\CAccessControlFilter.php(145): CAccessControlFilter->accessDenied(Object(CWebUser), 'You are not aut...')
#1 H:\www\yii\framework\web\filters\CFilter.php(38): CAccessControlFilter->preFilter(Object(CFilterChain))
#2 H:\www\yii\framework\web\CController.php(1145): CFilter->filter(Object(CFilterChain))
#3 H:\www\yii\framework\web\filters\CInlineFilter.php(58): CController->filterAccessControl(Object(CFilterChain))
#4 H:\www\yii\framework\web\filters\CFilterChain.php(130): CInlineFilter->filter(Object(CFilterChain))
#5 H:\www\yii\framework\web\CController.php(291): CFilterChain->run()
#6 H:\www\yii\framework\web\CController.php(265): CController->runActionWithFilters(Object(CInlineAction), Array)
#7 H:\www\yii\framework\web\CWebApplication.php(282): CController->run('addproduto')
#8 H:\www\yii\framework\web\CWebApplication.php(141): CWebApplication->runController('venda/addprodut...')
#9 H:\www\yii\framework\base\CApplication.php(180): CWebApplication->processRequest()
#10 H:\www\yii\sys3a\index.php(13): CApplication->run()
#11 {main}
REQUEST_URI=/yii/sys3a/?r=venda/addproduto
HTTP_REFERER=http://localhost/yii/sys3a/?r=venda/create
---
2014/10/09 12:00:24 [error] [php] Undefined index: quantidade (H:\www\yii\sys3a\protected\views\venda\addproduto.php:4)
Stack trace:
#0 H:\www\yii\framework\web\CController.php(869): VendaController->renderFile()
#1 H:\www\yii\sys3a\protected\controllers\VendaController.php(83): VendaController->renderPartial()
#2 H:\www\yii\framework\web\actions\CInlineAction.php(49): VendaController->actionAddproduto()
#3 H:\www\yii\framework\web\CController.php(308): CInlineAction->runWithParams()
#4 H:\www\yii\framework\web\filters\CFilterChain.php(133): VendaController->runAction()
#5 H:\www\yii\framework\web\filters\CFilter.php(40): CFilterChain->run()
#6 H:\www\yii\framework\web\CController.php(1145): CAccessControlFilter->filter()
#7 H:\www\yii\framework\web\filters\CInlineFilter.php(58): VendaController->filterAccessControl()
#8 H:\www\yii\framework\web\filters\CFilterChain.php(130): CInlineFilter->filter()
#9 H:\www\yii\framework\web\CController.php(291): CFilterChain->run()
#10 H:\www\yii\framework\web\CController.php(265): VendaController->runActionWithFilters()
#11 H:\www\yii\framework\web\CWebApplication.php(282): VendaController->run()
#12 H:\www\yii\framework\web\CWebApplication.php(141): CWebApplication->runController()
#13 H:\www\yii\framework\base\CApplication.php(180): CWebApplication->processRequest()
#14 H:\www\yii\sys3a\index.php(13): CWebApplication->run()
REQUEST_URI=/yii/sys3a/?r=venda/addproduto
in H:\www\yii\sys3a\protected\views\venda\addproduto.php (4)
in H:\www\yii\sys3a\protected\controllers\VendaController.php (83)
in H:\www\yii\sys3a\index.php (13)
2014/10/09 12:00:54 [error] [php] Undefined index: quantidade (H:\www\yii\sys3a\protected\views\venda\addproduto.php:4)
Stack trace:
#0 H:\www\yii\framework\web\CController.php(869): VendaController->renderFile()
#1 H:\www\yii\sys3a\protected\controllers\VendaController.php(83): VendaController->renderPartial()
#2 H:\www\yii\framework\web\actions\CInlineAction.php(49): VendaController->actionAddproduto()
#3 H:\www\yii\framework\web\CController.php(308): CInlineAction->runWithParams()
#4 H:\www\yii\framework\web\filters\CFilterChain.php(133): VendaController->runAction()
#5 H:\www\yii\framework\web\filters\CFilter.php(40): CFilterChain->run()
#6 H:\www\yii\framework\web\CController.php(1145): CAccessControlFilter->filter()
#7 H:\www\yii\framework\web\filters\CInlineFilter.php(58): VendaController->filterAccessControl()
#8 H:\www\yii\framework\web\filters\CFilterChain.php(130): CInlineFilter->filter()
#9 H:\www\yii\framework\web\CController.php(291): CFilterChain->run()
#10 H:\www\yii\framework\web\CController.php(265): VendaController->runActionWithFilters()
#11 H:\www\yii\framework\web\CWebApplication.php(282): VendaController->run()
#12 H:\www\yii\framework\web\CWebApplication.php(141): CWebApplication->runController()
#13 H:\www\yii\framework\base\CApplication.php(180): CWebApplication->processRequest()
#14 H:\www\yii\sys3a\index.php(13): CWebApplication->run()
REQUEST_URI=/yii/sys3a/?r=venda/addproduto
in H:\www\yii\sys3a\protected\views\venda\addproduto.php (4)
in H:\www\yii\sys3a\protected\controllers\VendaController.php (83)
in H:\www\yii\sys3a\index.php (13)
2014/10/09 12:01:49 [error] [php] Undefined index: quantidade (H:\www\yii\sys3a\protected\views\venda\addproduto.php:4)
Stack trace:
#0 H:\www\yii\framework\web\CController.php(869): VendaController->renderFile()
#1 H:\www\yii\sys3a\protected\controllers\VendaController.php(83): VendaController->renderPartial()
#2 H:\www\yii\framework\web\actions\CInlineAction.php(49): VendaController->actionAddproduto()
#3 H:\www\yii\framework\web\CController.php(308): CInlineAction->runWithParams()
#4 H:\www\yii\framework\web\filters\CFilterChain.php(133): VendaController->runAction()
#5 H:\www\yii\framework\web\filters\CFilter.php(40): CFilterChain->run()
#6 H:\www\yii\framework\web\CController.php(1145): CAccessControlFilter->filter()
#7 H:\www\yii\framework\web\filters\CInlineFilter.php(58): VendaController->filterAccessControl()
#8 H:\www\yii\framework\web\filters\CFilterChain.php(130): CInlineFilter->filter()
#9 H:\www\yii\framework\web\CController.php(291): CFilterChain->run()
#10 H:\www\yii\framework\web\CController.php(265): VendaController->runActionWithFilters()
#11 H:\www\yii\framework\web\CWebApplication.php(282): VendaController->run()
#12 H:\www\yii\framework\web\CWebApplication.php(141): CWebApplication->runController()
#13 H:\www\yii\framework\base\CApplication.php(180): CWebApplication->processRequest()
#14 H:\www\yii\sys3a\index.php(13): CWebApplication->run()
REQUEST_URI=/yii/sys3a/?r=venda/addproduto
in H:\www\yii\sys3a\protected\views\venda\addproduto.php (4)
in H:\www\yii\sys3a\protected\controllers\VendaController.php (83)
in H:\www\yii\sys3a\index.php (13)
2014/10/09 12:02:04 [error] [php] A session had already been started - ignoring session_start() (H:\www\yii\sys3a\protected\views\venda\addproduto.php:2)
Stack trace:
#0 H:\www\yii\framework\web\CBaseController.php(95): VendaController->renderInternal()
#1 H:\www\yii\framework\web\CController.php(869): VendaController->renderFile()
#2 H:\www\yii\sys3a\protected\controllers\VendaController.php(83): VendaController->renderPartial()
#3 H:\www\yii\framework\web\actions\CInlineAction.php(49): VendaController->actionAddproduto()
#4 H:\www\yii\framework\web\CController.php(308): CInlineAction->runWithParams()
#5 H:\www\yii\framework\web\filters\CFilterChain.php(133): VendaController->runAction()
#6 H:\www\yii\framework\web\filters\CFilter.php(40): CFilterChain->run()
#7 H:\www\yii\framework\web\CController.php(1145): CAccessControlFilter->filter()
#8 H:\www\yii\framework\web\filters\CInlineFilter.php(58): VendaController->filterAccessControl()
#9 H:\www\yii\framework\web\filters\CFilterChain.php(130): CInlineFilter->filter()
#10 H:\www\yii\framework\web\CController.php(291): CFilterChain->run()
#11 H:\www\yii\framework\web\CController.php(265): VendaController->runActionWithFilters()
#12 H:\www\yii\framework\web\CWebApplication.php(282): VendaController->run()
#13 H:\www\yii\framework\web\CWebApplication.php(141): CWebApplication->runController()
#14 H:\www\yii\framework\base\CApplication.php(180): CWebApplication->processRequest()
#15 H:\www\yii\sys3a\index.php(13): CWebApplication->run()
REQUEST_URI=/yii/sys3a/?r=venda/addproduto
in H:\www\yii\sys3a\protected\views\venda\addproduto.php (2)
in H:\www\yii\sys3a\protected\controllers\VendaController.php (83)
in H:\www\yii\sys3a\index.php (13)
2014/10/09 12:02:11 [error] [php] A session had already been started - ignoring session_start() (H:\www\yii\sys3a\protected\views\venda\addproduto.php:2)
Stack trace:
#0 H:\www\yii\framework\web\CBaseController.php(95): VendaController->renderInternal()
#1 H:\www\yii\framework\web\CController.php(869): VendaController->renderFile()
#2 H:\www\yii\sys3a\protected\controllers\VendaController.php(83): VendaController->renderPartial()
#3 H:\www\yii\framework\web\actions\CInlineAction.php(49): VendaController->actionAddproduto()
#4 H:\www\yii\framework\web\CController.php(308): CInlineAction->runWithParams()
#5 H:\www\yii\framework\web\filters\CFilterChain.php(133): VendaController->runAction()
#6 H:\www\yii\framework\web\filters\CFilter.php(40): CFilterChain->run()
#7 H:\www\yii\framework\web\CController.php(1145): CAccessControlFilter->filter()
#8 H:\www\yii\framework\web\filters\CInlineFilter.php(58): VendaController->filterAccessControl()
#9 H:\www\yii\framework\web\filters\CFilterChain.php(130): CInlineFilter->filter()
#10 H:\www\yii\framework\web\CController.php(291): CFilterChain->run()
#11 H:\www\yii\framework\web\CController.php(265): VendaController->runActionWithFilters()
#12 H:\www\yii\framework\web\CWebApplication.php(282): VendaController->run()
#13 H:\www\yii\framework\web\CWebApplication.php(141): CWebApplication->runController()
#14 H:\www\yii\framework\base\CApplication.php(180): CWebApplication->processRequest()
#15 H:\www\yii\sys3a\index.php(13): CWebApplication->run()
REQUEST_URI=/yii/sys3a/?r=venda/addproduto
in H:\www\yii\sys3a\protected\views\venda\addproduto.php (2)
in H:\www\yii\sys3a\protected\controllers\VendaController.php (83)
in H:\www\yii\sys3a\index.php (13)
2014/10/09 12:02:19 [error] [php] A session had already been started - ignoring session_start() (H:\www\yii\sys3a\protected\views\venda\addproduto.php:2)
Stack trace:
#0 H:\www\yii\framework\web\CBaseController.php(95): VendaController->renderInternal()
#1 H:\www\yii\framework\web\CController.php(869): VendaController->renderFile()
#2 H:\www\yii\sys3a\protected\controllers\VendaController.php(83): VendaController->renderPartial()
#3 H:\www\yii\framework\web\actions\CInlineAction.php(49): VendaController->actionAddproduto()
#4 H:\www\yii\framework\web\CController.php(308): CInlineAction->runWithParams()
#5 H:\www\yii\framework\web\filters\CFilterChain.php(133): VendaController->runAction()
#6 H:\www\yii\framework\web\filters\CFilter.php(40): CFilterChain->run()
#7 H:\www\yii\framework\web\CController.php(1145): CAccessControlFilter->filter()
#8 H:\www\yii\framework\web\filters\CInlineFilter.php(58): VendaController->filterAccessControl()
#9 H:\www\yii\framework\web\filters\CFilterChain.php(130): CInlineFilter->filter()
#10 H:\www\yii\framework\web\CController.php(291): CFilterChain->run()
#11 H:\www\yii\framework\web\CController.php(265): VendaController->runActionWithFilters()
#12 H:\www\yii\framework\web\CWebApplication.php(282): VendaController->run()
#13 H:\www\yii\framework\web\CWebApplication.php(141): CWebApplication->runController()
#14 H:\www\yii\framework\base\CApplication.php(180): CWebApplication->processRequest()
#15 H:\www\yii\sys3a\index.php(13): CWebApplication->run()
REQUEST_URI=/yii/sys3a/?r=venda/addproduto
in H:\www\yii\sys3a\protected\views\venda\addproduto.php (2)
in H:\www\yii\sys3a\protected\controllers\VendaController.php (83)
in H:\www\yii\sys3a\index.php (13)
2014/10/09 12:03:19 [error] [php] A session had already been started - ignoring session_start() (H:\www\yii\sys3a\protected\views\venda\addproduto.php:2)
Stack trace:
#0 H:\www\yii\framework\web\CBaseController.php(95): VendaController->renderInternal()
#1 H:\www\yii\framework\web\CController.php(869): VendaController->renderFile()
#2 H:\www\yii\sys3a\protected\controllers\VendaController.php(83): VendaController->renderPartial()
#3 H:\www\yii\framework\web\actions\CInlineAction.php(49): VendaController->actionAddproduto()
#4 H:\www\yii\framework\web\CController.php(308): CInlineAction->runWithParams()
#5 H:\www\yii\framework\web\filters\CFilterChain.php(133): VendaController->runAction()
#6 H:\www\yii\framework\web\filters\CFilter.php(40): CFilterChain->run()
#7 H:\www\yii\framework\web\CController.php(1145): CAccessControlFilter->filter()
#8 H:\www\yii\framework\web\filters\CInlineFilter.php(58): VendaController->filterAccessControl()
#9 H:\www\yii\framework\web\filters\CFilterChain.php(130): CInlineFilter->filter()
#10 H:\www\yii\framework\web\CController.php(291): CFilterChain->run()
#11 H:\www\yii\framework\web\CController.php(265): VendaController->runActionWithFilters()
#12 H:\www\yii\framework\web\CWebApplication.php(282): VendaController->run()
#13 H:\www\yii\framework\web\CWebApplication.php(141): CWebApplication->runController()
#14 H:\www\yii\framework\base\CApplication.php(180): CWebApplication->processRequest()
#15 H:\www\yii\sys3a\index.php(13): CWebApplication->run()
REQUEST_URI=/yii/sys3a/?r=venda/addproduto
in H:\www\yii\sys3a\protected\views\venda\addproduto.php (2)
in H:\www\yii\sys3a\protected\controllers\VendaController.php (83)
in H:\www\yii\sys3a\index.php (13)
2014/10/09 12:04:06 [error] [php] Undefined index: quantidade (H:\www\yii\sys3a\protected\controllers\VendaController.php:84)
Stack trace:
#0 H:\www\yii\framework\web\filters\CFilterChain.php(133): VendaController->runAction()
#1 H:\www\yii\framework\web\filters\CFilter.php(40): CFilterChain->run()
#2 H:\www\yii\framework\web\CController.php(1145): CAccessControlFilter->filter()
#3 H:\www\yii\framework\web\filters\CInlineFilter.php(58): VendaController->filterAccessControl()
#4 H:\www\yii\framework\web\filters\CFilterChain.php(130): CInlineFilter->filter()
#5 H:\www\yii\framework\web\CController.php(291): CFilterChain->run()
#6 H:\www\yii\framework\web\CController.php(265): VendaController->runActionWithFilters()
#7 H:\www\yii\framework\web\CWebApplication.php(282): VendaController->run()
#8 H:\www\yii\framework\web\CWebApplication.php(141): CWebApplication->runController()
#9 H:\www\yii\framework\base\CApplication.php(180): CWebApplication->processRequest()
#10 H:\www\yii\sys3a\index.php(13): CWebApplication->run()
REQUEST_URI=/yii/sys3a/?r=venda/addproduto
in H:\www\yii\sys3a\protected\controllers\VendaController.php (84)
in H:\www\yii\sys3a\index.php (13)
2014/10/09 12:04:15 [error] [php] Undefined index: quantidade (H:\www\yii\sys3a\protected\controllers\VendaController.php:84)
Stack trace:
#0 H:\www\yii\framework\web\filters\CFilterChain.php(133): VendaController->runAction()
#1 H:\www\yii\framework\web\filters\CFilter.php(40): CFilterChain->run()
#2 H:\www\yii\framework\web\CController.php(1145): CAccessControlFilter->filter()
#3 H:\www\yii\framework\web\filters\CInlineFilter.php(58): VendaController->filterAccessControl()
#4 H:\www\yii\framework\web\filters\CFilterChain.php(130): CInlineFilter->filter()
#5 H:\www\yii\framework\web\CController.php(291): CFilterChain->run()
#6 H:\www\yii\framework\web\CController.php(265): VendaController->runActionWithFilters()
#7 H:\www\yii\framework\web\CWebApplication.php(282): VendaController->run()
#8 H:\www\yii\framework\web\CWebApplication.php(141): CWebApplication->runController()
#9 H:\www\yii\framework\base\CApplication.php(180): CWebApplication->processRequest()
#10 H:\www\yii\sys3a\index.php(13): CWebApplication->run()
REQUEST_URI=/yii/sys3a/?r=venda/addproduto
in H:\www\yii\sys3a\protected\controllers\VendaController.php (84)
in H:\www\yii\sys3a\index.php (13)
2014/10/09 12:04:55 [error] [php] Undefined index: quantidade (H:\www\yii\sys3a\protected\controllers\VendaController.php:84)
Stack trace:
#0 H:\www\yii\framework\web\filters\CFilterChain.php(133): VendaController->runAction()
#1 H:\www\yii\framework\web\filters\CFilter.php(40): CFilterChain->run()
#2 H:\www\yii\framework\web\CController.php(1145): CAccessControlFilter->filter()
#3 H:\www\yii\framework\web\filters\CInlineFilter.php(58): VendaController->filterAccessControl()
#4 H:\www\yii\framework\web\filters\CFilterChain.php(130): CInlineFilter->filter()
#5 H:\www\yii\framework\web\CController.php(291): CFilterChain->run()
#6 H:\www\yii\framework\web\CController.php(265): VendaController->runActionWithFilters()
#7 H:\www\yii\framework\web\CWebApplication.php(282): VendaController->run()
#8 H:\www\yii\framework\web\CWebApplication.php(141): CWebApplication->runController()
#9 H:\www\yii\framework\base\CApplication.php(180): CWebApplication->processRequest()
#10 H:\www\yii\sys3a\index.php(13): CWebApplication->run()
REQUEST_URI=/yii/sys3a/?r=venda/addproduto
in H:\www\yii\sys3a\protected\controllers\VendaController.php (84)
in H:\www\yii\sys3a\index.php (13)
2014/10/09 12:05:36 [error] [php] Undefined index: quantidade (H:\www\yii\sys3a\protected\controllers\VendaController.php:84)
Stack trace:
#0 H:\www\yii\framework\web\filters\CFilterChain.php(133): VendaController->runAction()
#1 H:\www\yii\framework\web\filters\CFilter.php(40): CFilterChain->run()
#2 H:\www\yii\framework\web\CController.php(1145): CAccessControlFilter->filter()
#3 H:\www\yii\framework\web\filters\CInlineFilter.php(58): VendaController->filterAccessControl()
#4 H:\www\yii\framework\web\filters\CFilterChain.php(130): CInlineFilter->filter()
#5 H:\www\yii\framework\web\CController.php(291): CFilterChain->run()
#6 H:\www\yii\framework\web\CController.php(265): VendaController->runActionWithFilters()
#7 H:\www\yii\framework\web\CWebApplication.php(282): VendaController->run()
#8 H:\www\yii\framework\web\CWebApplication.php(141): CWebApplication->runController()
#9 H:\www\yii\framework\base\CApplication.php(180): CWebApplication->processRequest()
#10 H:\www\yii\sys3a\index.php(13): CWebApplication->run()
REQUEST_URI=/yii/sys3a/?r=venda/addproduto
in H:\www\yii\sys3a\protected\controllers\VendaController.php (84)
in H:\www\yii\sys3a\index.php (13)
2014/10/09 12:06:22 [error] [php] A session had already been started - ignoring session_start() (H:\www\yii\sys3a\protected\views\venda\addproduto.php:2)
Stack trace:
#0 H:\www\yii\framework\web\CBaseController.php(95): VendaController->renderInternal()
#1 H:\www\yii\framework\web\CController.php(869): VendaController->renderFile()
#2 H:\www\yii\sys3a\protected\controllers\VendaController.php(83): VendaController->renderPartial()
#3 H:\www\yii\framework\web\actions\CInlineAction.php(49): VendaController->actionAddproduto()
#4 H:\www\yii\framework\web\CController.php(308): CInlineAction->runWithParams()
#5 H:\www\yii\framework\web\filters\CFilterChain.php(133): VendaController->runAction()
#6 H:\www\yii\framework\web\filters\CFilter.php(40): CFilterChain->run()
#7 H:\www\yii\framework\web\CController.php(1145): CAccessControlFilter->filter()
#8 H:\www\yii\framework\web\filters\CInlineFilter.php(58): VendaController->filterAccessControl()
#9 H:\www\yii\framework\web\filters\CFilterChain.php(130): CInlineFilter->filter()
#10 H:\www\yii\framework\web\CController.php(291): CFilterChain->run()
#11 H:\www\yii\framework\web\CController.php(265): VendaController->runActionWithFilters()
#12 H:\www\yii\framework\web\CWebApplication.php(282): VendaController->run()
#13 H:\www\yii\framework\web\CWebApplication.php(141): CWebApplication->runController()
#14 H:\www\yii\framework\base\CApplication.php(180): CWebApplication->processRequest()
#15 H:\www\yii\sys3a\index.php(13): CWebApplication->run()
REQUEST_URI=/yii/sys3a/?r=venda/addproduto
in H:\www\yii\sys3a\protected\views\venda\addproduto.php (2)
in H:\www\yii\sys3a\protected\controllers\VendaController.php (83)
in H:\www\yii\sys3a\index.php (13)
2014/10/22 13:25:03 [error] [exception.CHttpException.404] exception 'CHttpException' with message 'The system is unable to find the requested action "relatorio".' in H:\www\yii\framework\web\CController.php:483
Stack trace:
#0 H:\www\yii\framework\web\CController.php(270): CController->missingAction('relatorio')
#1 H:\www\yii\framework\web\CWebApplication.php(282): CController->run('relatorio')
#2 H:\www\yii\framework\web\CWebApplication.php(141): CWebApplication->runController('produto/relator...')
#3 H:\www\yii\framework\base\CApplication.php(180): CWebApplication->processRequest()
#4 H:\www\yii\sys3a\index.php(13): CApplication->run()
#5 {main}
REQUEST_URI=/yii/sys3a/index.php?r=produto/relatorio
---
2014/10/22 13:25:19 [error] [exception.CHttpException.404] exception 'CHttpException' with message 'The system is unable to find the requested action "relatorio".' in H:\www\yii\framework\web\CController.php:483
Stack trace:
#0 H:\www\yii\framework\web\CController.php(270): CController->missingAction('relatorio')
#1 H:\www\yii\framework\web\CWebApplication.php(282): CController->run('relatorio')
#2 H:\www\yii\framework\web\CWebApplication.php(141): CWebApplication->runController('produto/relator...')
#3 H:\www\yii\framework\base\CApplication.php(180): CWebApplication->processRequest()
#4 H:\www\yii\sys3a\index.php(13): CApplication->run()
#5 {main}
REQUEST_URI=/yii/sys3a/index.php?r=produto/relatorio
---
2014/10/22 13:26:25 [error] [exception.CHttpException.403] exception 'CHttpException' with message 'You are not authorized to perform this action.' in H:\www\yii\framework\web\auth\CAccessControlFilter.php:182
Stack trace:
#0 H:\www\yii\framework\web\auth\CAccessControlFilter.php(145): CAccessControlFilter->accessDenied(Object(CWebUser), 'You are not aut...')
#1 H:\www\yii\framework\web\filters\CFilter.php(38): CAccessControlFilter->preFilter(Object(CFilterChain))
#2 H:\www\yii\framework\web\CController.php(1145): CFilter->filter(Object(CFilterChain))
#3 H:\www\yii\framework\web\filters\CInlineFilter.php(58): CController->filterAccessControl(Object(CFilterChain))
#4 H:\www\yii\framework\web\filters\CFilterChain.php(130): CInlineFilter->filter(Object(CFilterChain))
#5 H:\www\yii\framework\web\CController.php(291): CFilterChain->run()
#6 H:\www\yii\framework\web\CController.php(265): CController->runActionWithFilters(Object(CInlineAction), Array)
#7 H:\www\yii\framework\web\CWebApplication.php(282): CController->run('relatorio')
#8 H:\www\yii\framework\web\CWebApplication.php(141): CWebApplication->runController('produto/relator...')
#9 H:\www\yii\framework\base\CApplication.php(180): CWebApplication->processRequest()
#10 H:\www\yii\sys3a\index.php(13): CApplication->run()
#11 {main}
REQUEST_URI=/yii/sys3a/index.php?r=produto/relatorio
---
2014/10/22 13:28:46 [error] [php] Object of class Produto could not be converted to string (H:\www\yii\sys3a\protected\views\produto\relatorio.php:3)
Stack trace:
#0 H:\www\yii\framework\web\CController.php(869): ProdutoController->renderFile()
#1 H:\www\yii\framework\web\CController.php(782): ProdutoController->renderPartial()
#2 H:\www\yii\sys3a\protected\controllers\ProdutoController.php(64): ProdutoController->render()
#3 H:\www\yii\framework\web\actions\CInlineAction.php(49): ProdutoController->actionRelatorio()
#4 H:\www\yii\framework\web\CController.php(308): CInlineAction->runWithParams()
#5 H:\www\yii\framework\web\filters\CFilterChain.php(133): ProdutoController->runAction()
#6 H:\www\yii\framework\web\filters\CFilter.php(40): CFilterChain->run()
#7 H:\www\yii\framework\web\CController.php(1145): CAccessControlFilter->filter()
#8 H:\www\yii\framework\web\filters\CInlineFilter.php(58): ProdutoController->filterAccessControl()
#9 H:\www\yii\framework\web\filters\CFilterChain.php(130): CInlineFilter->filter()
#10 H:\www\yii\framework\web\CController.php(291): CFilterChain->run()
#11 H:\www\yii\framework\web\CController.php(265): ProdutoController->runActionWithFilters()
#12 H:\www\yii\framework\web\CWebApplication.php(282): ProdutoController->run()
#13 H:\www\yii\framework\web\CWebApplication.php(141): CWebApplication->runController()
#14 H:\www\yii\framework\base\CApplication.php(180): CWebApplication->processRequest()
#15 H:\www\yii\sys3a\index.php(13): CWebApplication->run()
REQUEST_URI=/yii/sys3a/index.php?r=produto/relatorio
in H:\www\yii\sys3a\protected\views\produto\relatorio.php (3)
in H:\www\yii\sys3a\protected\controllers\ProdutoController.php (64)
in H:\www\yii\sys3a\index.php (13)
2014/10/22 13:29:42 [error] [php] Trying to get property of non-object (H:\www\yii\sys3a\protected\views\produto\relatorio.php:4)
Stack trace:
#0 H:\www\yii\framework\web\CController.php(869): ProdutoController->renderFile()
#1 H:\www\yii\framework\web\CController.php(782): ProdutoController->renderPartial()
#2 H:\www\yii\sys3a\protected\controllers\ProdutoController.php(64): ProdutoController->render()
#3 H:\www\yii\framework\web\actions\CInlineAction.php(49): ProdutoController->actionRelatorio()
#4 H:\www\yii\framework\web\CController.php(308): CInlineAction->runWithParams()
#5 H:\www\yii\framework\web\filters\CFilterChain.php(133): ProdutoController->runAction()
#6 H:\www\yii\framework\web\filters\CFilter.php(40): CFilterChain->run()
#7 H:\www\yii\framework\web\CController.php(1145): CAccessControlFilter->filter()
#8 H:\www\yii\framework\web\filters\CInlineFilter.php(58): ProdutoController->filterAccessControl()
#9 H:\www\yii\framework\web\filters\CFilterChain.php(130): CInlineFilter->filter()
#10 H:\www\yii\framework\web\CController.php(291): CFilterChain->run()
#11 H:\www\yii\framework\web\CController.php(265): ProdutoController->runActionWithFilters()
#12 H:\www\yii\framework\web\CWebApplication.php(282): ProdutoController->run()
#13 H:\www\yii\framework\web\CWebApplication.php(141): CWebApplication->runController()
#14 H:\www\yii\framework\base\CApplication.php(180): CWebApplication->processRequest()
#15 H:\www\yii\sys3a\index.php(13): CWebApplication->run()
REQUEST_URI=/yii/sys3a/index.php?r=produto/relatorio
in H:\www\yii\sys3a\protected\views\produto\relatorio.php (4)
in H:\www\yii\sys3a\protected\controllers\ProdutoController.php (64)
in H:\www\yii\sys3a\index.php (13)
2014/10/29 12:31:40 [error] [exception.CException] exception 'CException' with message 'Produto and its behaviors do not have a method or closure named "loadModel".' in H:\www\yii\framework\base\CComponent.php:266
Stack trace:
#0 H:\www\yii\framework\db\ar\CActiveRecord.php(227): CComponent->__call('loadModel', Array)
#1 H:\www\yii\sys3a\protected\controllers\VendaController.php(104): CActiveRecord->__call('loadModel', Array)
#2 H:\www\yii\sys3a\protected\controllers\VendaController.php(104): Produto->loadModel('456654')
#3 H:\www\yii\framework\web\actions\CInlineAction.php(49): VendaController->actionFinaliza()
#4 H:\www\yii\framework\web\CController.php(308): CInlineAction->runWithParams(Array)
#5 H:\www\yii\framework\web\filters\CFilterChain.php(133): CController->runAction(Object(CInlineAction))
#6 H:\www\yii\framework\web\filters\CFilter.php(40): CFilterChain->run()
#7 H:\www\yii\framework\web\CController.php(1145): CFilter->filter(Object(CFilterChain))
#8 H:\www\yii\framework\web\filters\CInlineFilter.php(58): CController->filterAccessControl(Object(CFilterChain))
#9 H:\www\yii\framework\web\filters\CFilterChain.php(130): CInlineFilter->filter(Object(CFilterChain))
#10 H:\www\yii\framework\web\CController.php(291): CFilterChain->run()
#11 H:\www\yii\framework\web\CController.php(265): CController->runActionWithFilters(Object(CInlineAction), Array)
#12 H:\www\yii\framework\web\CWebApplication.php(282): CController->run('finaliza')
#13 H:\www\yii\framework\web\CWebApplication.php(141): CWebApplication->runController('venda/finaliza')
#14 H:\www\yii\framework\base\CApplication.php(180): CWebApplication->processRequest()
#15 H:\www\yii\sys3a\index.php(13): CApplication->run()
#16 {main}
REQUEST_URI=/yii/sys3a/?r=venda/finaliza
HTTP_REFERER=http://localhost/yii/sys3a/?r=venda/create
---
2014/10/29 12:31:49 [error] [exception.CException] exception 'CException' with message 'Produto and its behaviors do not have a method or closure named "loadModel".' in H:\www\yii\framework\base\CComponent.php:266
Stack trace:
#0 H:\www\yii\framework\db\ar\CActiveRecord.php(227): CComponent->__call('loadModel', Array)
#1 H:\www\yii\sys3a\protected\controllers\VendaController.php(104): CActiveRecord->__call('loadModel', Array)
#2 H:\www\yii\sys3a\protected\controllers\VendaController.php(104): Produto->loadModel('456654')
#3 H:\www\yii\framework\web\actions\CInlineAction.php(49): VendaController->actionFinaliza()
#4 H:\www\yii\framework\web\CController.php(308): CInlineAction->runWithParams(Array)
#5 H:\www\yii\framework\web\filters\CFilterChain.php(133): CController->runAction(Object(CInlineAction))
#6 H:\www\yii\framework\web\filters\CFilter.php(40): CFilterChain->run()
#7 H:\www\yii\framework\web\CController.php(1145): CFilter->filter(Object(CFilterChain))
#8 H:\www\yii\framework\web\filters\CInlineFilter.php(58): CController->filterAccessControl(Object(CFilterChain))
#9 H:\www\yii\framework\web\filters\CFilterChain.php(130): CInlineFilter->filter(Object(CFilterChain))
#10 H:\www\yii\framework\web\CController.php(291): CFilterChain->run()
#11 H:\www\yii\framework\web\CController.php(265): CController->runActionWithFilters(Object(CInlineAction), Array)
#12 H:\www\yii\framework\web\CWebApplication.php(282): CController->run('finaliza')
#13 H:\www\yii\framework\web\CWebApplication.php(141): CWebApplication->runController('venda/finaliza')
#14 H:\www\yii\framework\base\CApplication.php(180): CWebApplication->processRequest()
#15 H:\www\yii\sys3a\index.php(13): CApplication->run()
#16 {main}
REQUEST_URI=/yii/sys3a/?r=venda/finaliza
---
2014/11/05 12:39:32 [error] [exception.CHttpException.404] exception 'CHttpException' with message 'The system is unable to find the requested action "faturamento".' in H:\www\yii\framework\web\CController.php:483
Stack trace:
#0 H:\www\yii\framework\web\CController.php(270): CController->missingAction('faturamento')
#1 H:\www\yii\framework\web\CWebApplication.php(282): CController->run('faturamento')
#2 H:\www\yii\framework\web\CWebApplication.php(141): CWebApplication->runController('venda/faturamen...')
#3 H:\www\yii\framework\base\CApplication.php(180): CWebApplication->processRequest()
#4 H:\www\yii\sys3a\index.php(13): CApplication->run()
#5 {main}
REQUEST_URI=/yii/sys3a/?r=venda/faturamento
---
2014/11/05 12:41:31 [error] [exception.CHttpException.403] exception 'CHttpException' with message 'You are not authorized to perform this action.' in H:\www\yii\framework\web\auth\CAccessControlFilter.php:182
Stack trace:
#0 H:\www\yii\framework\web\auth\CAccessControlFilter.php(145): CAccessControlFilter->accessDenied(Object(CWebUser), 'You are not aut...')
#1 H:\www\yii\framework\web\filters\CFilter.php(38): CAccessControlFilter->preFilter(Object(CFilterChain))
#2 H:\www\yii\framework\web\CController.php(1145): CFilter->filter(Object(CFilterChain))
#3 H:\www\yii\framework\web\filters\CInlineFilter.php(58): CController->filterAccessControl(Object(CFilterChain))
#4 H:\www\yii\framework\web\filters\CFilterChain.php(130): CInlineFilter->filter(Object(CFilterChain))
#5 H:\www\yii\framework\web\CController.php(291): CFilterChain->run()
#6 H:\www\yii\framework\web\CController.php(265): CController->runActionWithFilters(Object(CInlineAction), Array)
#7 H:\www\yii\framework\web\CWebApplication.php(282): CController->run('faturamento')
#8 H:\www\yii\framework\web\CWebApplication.php(141): CWebApplication->runController('venda/faturamen...')
#9 H:\www\yii\framework\base\CApplication.php(180): CWebApplication->processRequest()
#10 H:\www\yii\sys3a\index.php(13): CApplication->run()
#11 {main}
REQUEST_URI=/yii/sys3a/?r=venda/faturamento
---
2014/11/05 12:44:00 [error] [php] Undefined variable: vendas (H:\www\yii\sys3a\protected\views\venda\faturamento.php:5)
Stack trace:
#0 H:\www\yii\framework\web\CController.php(869): VendaController->renderFile()
#1 H:\www\yii\framework\web\CController.php(782): VendaController->renderPartial()
#2 H:\www\yii\sys3a\protected\controllers\VendaController.php(64): VendaController->render()
#3 H:\www\yii\framework\web\actions\CInlineAction.php(49): VendaController->actionFaturamento()
#4 H:\www\yii\framework\web\CController.php(308): CInlineAction->runWithParams()
#5 H:\www\yii\framework\web\filters\CFilterChain.php(133): VendaController->runAction()
#6 H:\www\yii\framework\web\filters\CFilter.php(40): CFilterChain->run()
#7 H:\www\yii\framework\web\CController.php(1145): CAccessControlFilter->filter()
#8 H:\www\yii\framework\web\filters\CInlineFilter.php(58): VendaController->filterAccessControl()
#9 H:\www\yii\framework\web\filters\CFilterChain.php(130): CInlineFilter->filter()
#10 H:\www\yii\framework\web\CController.php(291): CFilterChain->run()
#11 H:\www\yii\framework\web\CController.php(265): VendaController->runActionWithFilters()
#12 H:\www\yii\framework\web\CWebApplication.php(282): VendaController->run()
#13 H:\www\yii\framework\web\CWebApplication.php(141): CWebApplication->runController()
#14 H:\www\yii\framework\base\CApplication.php(180): CWebApplication->processRequest()
#15 H:\www\yii\sys3a\index.php(13): CWebApplication->run()
REQUEST_URI=/yii/sys3a/?r=venda/faturamento
in H:\www\yii\sys3a\protected\views\venda\faturamento.php (5)
in H:\www\yii\sys3a\protected\controllers\VendaController.php (64)
in H:\www\yii\sys3a\index.php (13)
2014/11/05 13:48:35 [error] [exception.CHttpException.400] exception 'CHttpException' with message 'Your request is invalid.' in H:\www\yii\framework\web\CController.php:336
Stack trace:
#0 H:\www\yii\framework\web\CController.php(309): CController->invalidActionParams(Object(CInlineAction))
#1 H:\www\yii\framework\web\filters\CFilterChain.php(133): CController->runAction(Object(CInlineAction))
#2 H:\www\yii\framework\web\filters\CFilter.php(40): CFilterChain->run()
#3 H:\www\yii\framework\web\CController.php(1145): CFilter->filter(Object(CFilterChain))
#4 H:\www\yii\framework\web\filters\CInlineFilter.php(58): CController->filterAccessControl(Object(CFilterChain))
#5 H:\www\yii\framework\web\filters\CFilterChain.php(130): CInlineFilter->filter(Object(CFilterChain))
#6 H:\www\yii\framework\web\CController.php(291): CFilterChain->run()
#7 H:\www\yii\framework\web\CController.php(265): CController->runActionWithFilters(Object(CInlineAction), Array)
#8 H:\www\yii\framework\web\CWebApplication.php(282): CController->run('boleto')
#9 H:\www\yii\framework\web\CWebApplication.php(141): CWebApplication->runController('venda/boleto')
#10 H:\www\yii\framework\base\CApplication.php(180): CWebApplication->processRequest()
#11 H:\www\yii\sys3a\index.php(13): CApplication->run()
#12 {main}
REQUEST_URI=/yii/sys3a/?r=venda/boleto
---
2014/11/06 10:29:54 [error] [php] Undefined index: nome (H:\www\yii\sys3a\protected\views\venda\comissao.php:13)
Stack trace:
#0 H:\www\yii\framework\web\CController.php(869): VendaController->renderFile()
#1 H:\www\yii\framework\web\CController.php(782): VendaController->renderPartial()
#2 H:\www\yii\sys3a\protected\controllers\VendaController.php(92): VendaController->render()
#3 H:\www\yii\framework\web\actions\CInlineAction.php(49): VendaController->actionComissao()
#4 H:\www\yii\framework\web\CController.php(308): CInlineAction->runWithParams()
#5 H:\www\yii\framework\web\filters\CFilterChain.php(133): VendaController->runAction()
#6 H:\www\yii\framework\web\filters\CFilter.php(40): CFilterChain->run()
#7 H:\www\yii\framework\web\CController.php(1145): CAccessControlFilter->filter()
#8 H:\www\yii\framework\web\filters\CInlineFilter.php(58): VendaController->filterAccessControl()
#9 H:\www\yii\framework\web\filters\CFilterChain.php(130): CInlineFilter->filter()
#10 H:\www\yii\framework\web\CController.php(291): CFilterChain->run()
#11 H:\www\yii\framework\web\CController.php(265): VendaController->runActionWithFilters()
#12 H:\www\yii\framework\web\CWebApplication.php(282): VendaController->run()
#13 H:\www\yii\framework\web\CWebApplication.php(141): CWebApplication->runController()
#14 H:\www\yii\framework\base\CApplication.php(180): CWebApplication->processRequest()
#15 H:\www\yii\sys3a\index.php(13): CWebApplication->run()
REQUEST_URI=/yii/sys3a/?r=venda/comissao
in H:\www\yii\sys3a\protected\views\venda\comissao.php (13)
in H:\www\yii\sys3a\protected\controllers\VendaController.php (92)
in H:\www\yii\sys3a\index.php (13)
